<?xml version="1.0" encoding="utf-8" standalone="no"?>
<!--This file represents the results of running a test suite-->
<test-results name="C:\Users\Kuni\Desktop\Zad3.2\KontoBankowe\KontoBankowe.Tests\bin\Debug\KontoBankowe.dll" total="0" errors="0" failures="0" not-run="0" inconclusive="0" ignored="0" skipped="0" invalid="0" date="2017-03-21" time="18:46:03">
  <environment nunit-version="2.6.4.14350" clr-version="2.0.50727.8745" os-version="Microsoft Windows NT 6.2.9200.0" platform="Win32NT" cwd="C:\Users\Kuni\Desktop\Zad3.2\KontoBankowe\packages\NUnit-2.6.4\bin" machine-name="DESKTOP-37MVN60" user="Kuni" user-domain="DESKTOP-37MVN60" />
  <culture-info current-culture="pl-PL" current-uiculture="pl-PL" />
  <test-suite type="Assembly" name="C:\Users\Kuni\Desktop\Zad3.2\KontoBankowe\KontoBankowe.Tests\bin\Debug\KontoBankowe.dll" executed="True" result="Inconclusive" success="False" time="0.006" asserts="0" />
</test-results>